2023-01-25 09:44:58,473 ERROR org.jobrunr.server.ServerZooKeeper [backgroundjob-zookeeper-pool-18-thread-1] SEVERE ERROR - Server timed out while it's still alive. Are all servers using NTP and in the same timezone? Are you having long GC cycles? Restart attempt 3 out of 3
2023-01-25 09:47:09,642 ERROR org.jobrunr.server.ServerZooKeeper [backgroundjob-zookeeper-pool-21-thread-1] FATAL - Server restarted 3 times but still times out by other servers. Shutting down.
2023-01-25 10:18:13,381 INFO org.springframework.orm.jpa.LocalContainerEntityManagerFactoryBean [SpringApplicationShutdownHook] Closing JPA EntityManagerFactory for persistence unit 'default'
2023-01-25 13:24:37,720 INFO com.base.util.Log [main] <<<<<<<<<<<<< Starting Core Application >>>>>>>>>>>>>
2023-01-25 13:24:38,224 INFO com.base.util.Log [restartedMain] <<<<<<<<<<<<< Starting Core Application >>>>>>>>>>>>>
2023-01-25 13:24:38,882 INFO com.core.application.CoreApplication [restartedMain] Starting CoreApplication using Java 1.8.0_202 on C02C80YNMD6M with PID 6551 (/Users/i339628/muhil-dev/january/generic_webapplication/services/product-management/core/target/classes started by i339628 in /Users/i339628/muhil-dev/january/generic_webapplication/services/product-management/core)
2023-01-25 13:24:38,883 DEBUG com.core.application.CoreApplication [restartedMain] Running with Spring Boot v2.7.8, Spring v5.3.25
2023-01-25 13:24:38,883 INFO com.core.application.CoreApplication [restartedMain] The following 1 profile is active: "dev"
2023-01-25 13:24:39,038 INFO org.springframework.boot.devtools.restart.ChangeableUrls [restartedMain] The Class-Path manifest attribute in /Users/i339628/.m2/repository/xalan/xalan/2.7.2/xalan-2.7.2.jar referenced one or more files that do not exist: file:/Users/i339628/.m2/repository/xalan/xalan/2.7.2/xercesImpl.jar,file:/Users/i339628/.m2/repository/xalan/xalan/2.7.2/xml-apis.jar,file:/Users/i339628/.m2/repository/xalan/xalan/2.7.2/serializer.jar
2023-01-25 13:24:39,039 INFO org.springframework.boot.devtools.restart.ChangeableUrls [restartedMain] The Class-Path manifest attribute in /Users/i339628/.m2/repository/xalan/serializer/2.7.2/serializer-2.7.2.jar referenced one or more files that do not exist: file:/Users/i339628/.m2/repository/xalan/serializer/2.7.2/xml-apis.jar
2023-01-25 13:24:39,039 INFO org.springframework.boot.devtools.env.DevToolsPropertyDefaultsPostProcessor [restartedMain] Devtools property defaults active! Set 'spring.devtools.add-properties' to 'false' to disable
2023-01-25 13:24:39,040 INFO org.springframework.boot.devtools.env.DevToolsPropertyDefaultsPostProcessor [restartedMain] For additional web related logging consider setting the 'logging.level.web' property to 'DEBUG'
2023-01-25 13:24:40,438 INFO org.springframework.data.repository.config.RepositoryConfigurationDelegate [restartedMain] Multiple Spring Data modules found, entering strict repository configuration mode
2023-01-25 13:24:40,439 INFO org.springframework.data.repository.config.RepositoryConfigurationDelegate [restartedMain] Bootstrapping Spring Data R2DBC repositories in DEFAULT mode.
2023-01-25 13:24:40,748 INFO org.springframework.data.repository.config.RepositoryConfigurationDelegate [restartedMain] Finished Spring Data repository scanning in 302 ms. Found 1 R2DBC repository interfaces.
2023-01-25 13:24:40,759 INFO org.springframework.data.repository.config.RepositoryConfigurationDelegate [restartedMain] Multiple Spring Data modules found, entering strict repository configuration mode
2023-01-25 13:24:40,760 INFO org.springframework.data.repository.config.RepositoryConfigurationDelegate [restartedMain] Bootstrapping Spring Data JPA repositories in DEFAULT mode.
2023-01-25 13:24:40,770 INFO org.springframework.data.repository.config.RepositoryConfigurationDelegate [restartedMain] Finished Spring Data repository scanning in 2 ms. Found 0 JPA repository interfaces.
2023-01-25 13:24:42,743 INFO org.springframework.boot.web.embedded.tomcat.TomcatWebServer [restartedMain] Tomcat initialized with port(s): 9090 (http)
2023-01-25 13:24:42,962 INFO org.springframework.boot.web.servlet.context.ServletWebServerApplicationContext [restartedMain] Root WebApplicationContext: initialization completed in 3921 ms
2023-01-25 13:24:43,339 DEBUG com.base.filter.TenantFilter [restartedMain] Filter 'tenantFilter' configured for use
2023-01-25 13:24:43,638 INFO org.flywaydb.core.internal.license.VersionPrinter [restartedMain] Flyway Community Edition 8.5.13 by Redgate
2023-01-25 13:24:43,638 INFO org.flywaydb.core.internal.license.VersionPrinter [restartedMain] Flyway Community Edition 8.5.13 by Redgate
2023-01-25 13:24:43,639 INFO org.flywaydb.core.internal.license.VersionPrinter [restartedMain] See what's new here: https://flywaydb.org/documentation/learnmore/releaseNotes#8.5.13
2023-01-25 13:24:43,639 INFO org.flywaydb.core.internal.license.VersionPrinter [restartedMain] See what's new here: https://flywaydb.org/documentation/learnmore/releaseNotes#8.5.13
2023-01-25 13:24:43,639 INFO org.flywaydb.core.internal.license.VersionPrinter [restartedMain] 
2023-01-25 13:24:43,639 INFO org.flywaydb.core.internal.license.VersionPrinter [restartedMain] 
2023-01-25 13:24:43,643 DEBUG org.flywaydb.core.internal.util.FeatureDetector [restartedMain] AWS SDK available: false
2023-01-25 13:24:43,643 DEBUG org.flywaydb.core.internal.util.FeatureDetector [restartedMain] AWS SDK available: false
2023-01-25 13:24:43,646 DEBUG org.flywaydb.core.internal.util.FeatureDetector [restartedMain] Google Cloud Storage available: true
2023-01-25 13:24:43,646 DEBUG org.flywaydb.core.internal.util.FeatureDetector [restartedMain] Google Cloud Storage available: true
2023-01-25 13:24:43,647 DEBUG org.flywaydb.core.internal.scanner.classpath.ClassPathScanner [restartedMain] Scanning for classpath resources at 'classpath:db/callback' ...
2023-01-25 13:24:43,647 DEBUG org.flywaydb.core.internal.scanner.classpath.ClassPathScanner [restartedMain] Scanning for classpath resources at 'classpath:db/callback' ...
2023-01-25 13:24:43,647 DEBUG org.flywaydb.core.internal.scanner.classpath.ClassPathScanner [restartedMain] Determining location urls for classpath:db/callback using ClassLoader org.springframework.boot.devtools.restart.classloader.RestartClassLoader@5345b32 ...
2023-01-25 13:24:43,647 DEBUG org.flywaydb.core.internal.scanner.classpath.ClassPathScanner [restartedMain] Determining location urls for classpath:db/callback using ClassLoader org.springframework.boot.devtools.restart.classloader.RestartClassLoader@5345b32 ...
2023-01-25 13:24:43,648 DEBUG org.flywaydb.core.internal.scanner.classpath.ClassPathScanner [restartedMain] Unable to resolve location classpath:db/callback.
2023-01-25 13:24:43,648 DEBUG org.flywaydb.core.internal.scanner.classpath.ClassPathScanner [restartedMain] Unable to resolve location classpath:db/callback.
2023-01-25 13:24:43,648 DEBUG org.flywaydb.core.internal.scanner.classpath.ClassPathScanner [restartedMain] Scanning for classpath resources at 'classpath:db/migration' ...
2023-01-25 13:24:43,648 DEBUG org.flywaydb.core.internal.scanner.classpath.ClassPathScanner [restartedMain] Scanning for classpath resources at 'classpath:db/migration' ...
2023-01-25 13:24:43,648 DEBUG org.flywaydb.core.internal.scanner.classpath.ClassPathScanner [restartedMain] Determining location urls for classpath:db/migration using ClassLoader org.springframework.boot.devtools.restart.classloader.RestartClassLoader@5345b32 ...
2023-01-25 13:24:43,648 DEBUG org.flywaydb.core.internal.scanner.classpath.ClassPathScanner [restartedMain] Determining location urls for classpath:db/migration using ClassLoader org.springframework.boot.devtools.restart.classloader.RestartClassLoader@5345b32 ...
2023-01-25 13:24:43,649 DEBUG org.flywaydb.core.internal.scanner.classpath.ClassPathScanner [restartedMain] Scanning URL: file:/Users/i339628/muhil-dev/january/generic_webapplication/services/product-management/core/target/classes/db/migration
2023-01-25 13:24:43,649 DEBUG org.flywaydb.core.internal.scanner.classpath.ClassPathScanner [restartedMain] Scanning URL: file:/Users/i339628/muhil-dev/january/generic_webapplication/services/product-management/core/target/classes/db/migration
2023-01-25 13:24:43,650 DEBUG org.flywaydb.core.internal.util.FeatureDetector [restartedMain] JBoss VFS v2 available: false
2023-01-25 13:24:43,650 DEBUG org.flywaydb.core.internal.util.FeatureDetector [restartedMain] JBoss VFS v2 available: false
2023-01-25 13:24:43,653 DEBUG org.flywaydb.core.internal.scanner.classpath.FileSystemClassPathLocationScanner [restartedMain] Scanning starting at classpath root in filesystem: /Users/i339628/muhil-dev/january/generic_webapplication/services/product-management/core/target/classes/
2023-01-25 13:24:43,653 DEBUG org.flywaydb.core.internal.scanner.classpath.FileSystemClassPathLocationScanner [restartedMain] Scanning starting at classpath root in filesystem: /Users/i339628/muhil-dev/january/generic_webapplication/services/product-management/core/target/classes/
2023-01-25 13:24:43,654 DEBUG org.flywaydb.core.internal.scanner.classpath.FileSystemClassPathLocationScanner [restartedMain] Scanning for resources in path: /Users/i339628/muhil-dev/january/generic_webapplication/services/product-management/core/target/classes/db/migration (db/migration)
2023-01-25 13:24:43,654 DEBUG org.flywaydb.core.internal.scanner.classpath.FileSystemClassPathLocationScanner [restartedMain] Scanning for resources in path: /Users/i339628/muhil-dev/january/generic_webapplication/services/product-management/core/target/classes/db/migration (db/migration)
2023-01-25 13:24:43,657 DEBUG org.flywaydb.core.internal.scanner.classpath.ClassPathScanner [restartedMain] Found resource: db/migration/V1__initial.sql
2023-01-25 13:24:43,657 DEBUG org.flywaydb.core.internal.scanner.classpath.ClassPathScanner [restartedMain] Found resource: db/migration/V1__initial.sql
2023-01-25 13:24:43,657 DEBUG org.flywaydb.core.internal.scanner.classpath.ClassPathScanner [restartedMain] Scanning for classes at classpath:db/migration
2023-01-25 13:24:43,657 DEBUG org.flywaydb.core.internal.scanner.classpath.ClassPathScanner [restartedMain] Scanning for classes at classpath:db/migration
2023-01-25 13:24:43,662 DEBUG org.flywaydb.core.internal.resource.ResourceNameValidator [restartedMain] Validating V1__initial.sql
2023-01-25 13:24:43,662 DEBUG org.flywaydb.core.internal.resource.ResourceNameValidator [restartedMain] Validating V1__initial.sql
2023-01-25 13:24:44,082 INFO org.flywaydb.core.internal.database.base.BaseDatabaseType [restartedMain] Database: jdbc:mysql://localhost:3306/productmanagement (MySQL 8.0)
2023-01-25 13:24:44,082 INFO org.flywaydb.core.internal.database.base.BaseDatabaseType [restartedMain] Database: jdbc:mysql://localhost:3306/productmanagement (MySQL 8.0)
2023-01-25 13:24:44,082 DEBUG org.flywaydb.core.internal.database.base.BaseDatabaseType [restartedMain] Driver  : MySQL Connector/J mysql-connector-java-8.0.30 (Revision: 1de2fe873fe26189564c030a343885011412976a)
2023-01-25 13:24:44,082 DEBUG org.flywaydb.core.internal.database.base.BaseDatabaseType [restartedMain] Driver  : MySQL Connector/J mysql-connector-java-8.0.30 (Revision: 1de2fe873fe26189564c030a343885011412976a)
2023-01-25 13:24:44,093 DEBUG org.flywaydb.core.FlywayExecutor [restartedMain] DDL Transactions Supported: false
2023-01-25 13:24:44,093 DEBUG org.flywaydb.core.FlywayExecutor [restartedMain] DDL Transactions Supported: false
2023-01-25 13:24:44,096 DEBUG org.flywaydb.core.internal.schemahistory.SchemaHistoryFactory [restartedMain] Schemas: 
2023-01-25 13:24:44,096 DEBUG org.flywaydb.core.internal.schemahistory.SchemaHistoryFactory [restartedMain] Schemas: 
2023-01-25 13:24:44,097 DEBUG org.flywaydb.core.internal.schemahistory.SchemaHistoryFactory [restartedMain] Default schema: null
2023-01-25 13:24:44,097 DEBUG org.flywaydb.core.internal.schemahistory.SchemaHistoryFactory [restartedMain] Default schema: null
2023-01-25 13:24:44,111 DEBUG org.flywaydb.core.internal.callback.SqlScriptCallbackFactory [restartedMain] Scanning for SQL callbacks ...
2023-01-25 13:24:44,111 DEBUG org.flywaydb.core.internal.callback.SqlScriptCallbackFactory [restartedMain] Scanning for SQL callbacks ...
2023-01-25 13:24:44,126 DEBUG org.flywaydb.core.internal.command.DbValidate [restartedMain] Validating migrations ...
2023-01-25 13:24:44,126 DEBUG org.flywaydb.core.internal.command.DbValidate [restartedMain] Validating migrations ...
2023-01-25 13:24:44,162 DEBUG org.flywaydb.core.internal.scanner.Scanner [restartedMain] Filtering out resource: db/migration/V1__initial.sql (filename: V1__initial.sql)
2023-01-25 13:24:44,162 DEBUG org.flywaydb.core.internal.scanner.Scanner [restartedMain] Filtering out resource: db/migration/V1__initial.sql (filename: V1__initial.sql)
2023-01-25 13:24:44,184 INFO org.flywaydb.core.internal.command.DbValidate [restartedMain] Successfully validated 1 migration (execution time 00:00.056s)
2023-01-25 13:24:44,184 INFO org.flywaydb.core.internal.command.DbValidate [restartedMain] Successfully validated 1 migration (execution time 00:00.056s)
2023-01-25 13:24:44,201 INFO org.flywaydb.core.internal.command.DbMigrate [restartedMain] Current version of schema `productmanagement`: 1
2023-01-25 13:24:44,201 INFO org.flywaydb.core.internal.command.DbMigrate [restartedMain] Current version of schema `productmanagement`: 1
2023-01-25 13:24:44,202 WARN org.flywaydb.core.internal.command.DbMigrate [restartedMain] outOfOrder mode is active. Migration of schema `productmanagement` may not be reproducible.
2023-01-25 13:24:44,202 WARN org.flywaydb.core.internal.command.DbMigrate [restartedMain] outOfOrder mode is active. Migration of schema `productmanagement` may not be reproducible.
2023-01-25 13:24:44,203 INFO org.flywaydb.core.internal.command.DbMigrate [restartedMain] Schema `productmanagement` is up to date. No migration necessary.
2023-01-25 13:24:44,203 INFO org.flywaydb.core.internal.command.DbMigrate [restartedMain] Schema `productmanagement` is up to date. No migration necessary.
2023-01-25 13:24:44,211 DEBUG org.flywaydb.core.FlywayExecutor [restartedMain] Memory usage: 261 of 514M
2023-01-25 13:24:44,211 DEBUG org.flywaydb.core.FlywayExecutor [restartedMain] Memory usage: 261 of 514M
2023-01-25 13:24:46,793 INFO org.springframework.orm.jpa.LocalContainerEntityManagerFactoryBean [restartedMain] Initialized JPA EntityManagerFactory for persistence unit 'default'
2023-01-25 13:24:47,252 INFO org.springframework.boot.devtools.autoconfigure.OptionalLiveReloadServer [restartedMain] LiveReload server is running on port 35729
2023-01-25 13:24:47,824 WARN org.springframework.boot.autoconfigure.orm.jpa.JpaBaseConfiguration$JpaWebConfiguration [restartedMain] spring.jpa.open-in-view is enabled by default. Therefore, database queries may be performed during view rendering. Explicitly configure spring.jpa.open-in-view to disable this warning
2023-01-25 13:24:49,446 INFO org.springframework.boot.actuate.endpoint.web.EndpointLinksResolver [restartedMain] Exposing 14 endpoint(s) beneath base path '/actuator'
2023-01-25 13:24:49,529 INFO org.springframework.boot.web.embedded.tomcat.TomcatWebServer [restartedMain] Tomcat started on port(s): 9090 (http) with context path '/pm'
2023-01-25 13:24:49,564 INFO com.core.application.CoreApplication [restartedMain] Started CoreApplication in 11.329 seconds (JVM running for 12.89)
2023-01-25 13:24:49,577 INFO com.base.util.Log [restartedMain] Heap Size = 0.730857472 GB
2023-01-25 13:24:49,577 INFO com.base.util.Log [restartedMain] Max Memory Size = 3.817865216 GB
2023-01-25 13:24:49,577 INFO com.base.util.Log [restartedMain] Total Memory Size = 0.374313512 GB
2023-01-25 13:25:50,831 INFO org.springframework.web.servlet.DispatcherServlet [http-nio-9090-exec-2] Initializing Servlet 'dispatcherServlet'
2023-01-25 13:25:50,835 INFO org.springframework.web.servlet.DispatcherServlet [http-nio-9090-exec-2] Completed initialization in 3 ms
2023-01-25 13:25:50,844 INFO com.base [http-nio-9090-exec-2] Request URI - /pm/base/get
2023-01-25 13:25:50,844 INFO com.base [ForkJoinPool.commonPool-worker-9] Request URI - /pm/base/get
2023-01-25 13:27:09,227 ERROR com.platform.tenant [http-nio-9090-exec-2] Tenant fetch exception : Connect to localhost:6060 [localhost/127.0.0.1, localhost/0:0:0:0:0:0:0:1] failed: Connection refused (Connection refused)
2023-01-25 13:27:09,229 ERROR com.base [http-nio-9090-exec-2] TenantFilter :: Error fetching tenant : Connect to localhost:6060 [localhost/127.0.0.1, localhost/0:0:0:0:0:0:0:1] failed: Connection refused (Connection refused)
2023-01-25 13:33:14,437 INFO com.base [ForkJoinPool.commonPool-worker-6] Request URI - /pm/base/get
2023-01-25 13:33:14,437 INFO com.base [http-nio-9090-exec-4] Request URI - /pm/base/get
2023-01-25 13:33:14,457 ERROR com.platform.tenant [http-nio-9090-exec-4] Tenant fetch exception : Connect to localhost:6060 [localhost/127.0.0.1, localhost/0:0:0:0:0:0:0:1] failed: Connection refused (Connection refused)
2023-01-25 13:33:14,457 ERROR com.base [http-nio-9090-exec-4] TenantFilter :: Error fetching tenant : Connect to localhost:6060 [localhost/127.0.0.1, localhost/0:0:0:0:0:0:0:1] failed: Connection refused (Connection refused)
2023-01-25 13:58:33,795 INFO org.springframework.boot.devtools.autoconfigure.LocalDevToolsAutoConfiguration$RestartingClassPathChangeChangedEventListener [File Watcher] Restarting due to 1 class path change (0 additions, 0 deletions, 1 modification)
2023-01-25 13:58:33,943 INFO org.springframework.orm.jpa.LocalContainerEntityManagerFactoryBean [Thread-5] Closing JPA EntityManagerFactory for persistence unit 'default'
2023-01-25 13:58:34,320 INFO com.base.util.Log [restartedMain] <<<<<<<<<<<<< Starting Core Application >>>>>>>>>>>>>
2023-01-25 13:58:34,446 INFO com.core.application.CoreApplication [restartedMain] Starting CoreApplication using Java 1.8.0_202 on C02C80YNMD6M with PID 6551 (/Users/i339628/muhil-dev/january/generic_webapplication/services/product-management/core/target/classes started by i339628 in /Users/i339628/muhil-dev/january/generic_webapplication/services/product-management/core)
2023-01-25 13:58:34,446 DEBUG com.core.application.CoreApplication [restartedMain] Running with Spring Boot v2.7.8, Spring v5.3.25
2023-01-25 13:58:34,446 INFO com.core.application.CoreApplication [restartedMain] The following 1 profile is active: "dev"
2023-01-25 13:58:34,834 INFO org.springframework.data.repository.config.RepositoryConfigurationDelegate [restartedMain] Multiple Spring Data modules found, entering strict repository configuration mode
2023-01-25 13:58:34,835 INFO org.springframework.data.repository.config.RepositoryConfigurationDelegate [restartedMain] Bootstrapping Spring Data R2DBC repositories in DEFAULT mode.
2023-01-25 13:58:34,856 INFO org.springframework.data.repository.config.RepositoryConfigurationDelegate [restartedMain] Finished Spring Data repository scanning in 20 ms. Found 1 R2DBC repository interfaces.
2023-01-25 13:58:34,856 INFO org.springframework.data.repository.config.RepositoryConfigurationDelegate [restartedMain] Multiple Spring Data modules found, entering strict repository configuration mode
2023-01-25 13:58:34,857 INFO org.springframework.data.repository.config.RepositoryConfigurationDelegate [restartedMain] Bootstrapping Spring Data JPA repositories in DEFAULT mode.
2023-01-25 13:58:34,860 INFO org.springframework.data.repository.config.RepositoryConfigurationDelegate [restartedMain] Finished Spring Data repository scanning in 2 ms. Found 0 JPA repository interfaces.
2023-01-25 13:58:35,355 INFO org.springframework.boot.web.embedded.tomcat.TomcatWebServer [restartedMain] Tomcat initialized with port(s): 9090 (http)
2023-01-25 13:58:35,381 INFO org.springframework.boot.web.servlet.context.ServletWebServerApplicationContext [restartedMain] Root WebApplicationContext: initialization completed in 929 ms
2023-01-25 13:58:35,450 DEBUG com.base.filter.TenantFilter [restartedMain] Filter 'tenantFilter' configured for use
2023-01-25 13:58:35,469 DEBUG org.flywaydb.core.internal.scanner.classpath.ClassPathScanner [restartedMain] Scanning for classpath resources at 'classpath:db/callback' ...
2023-01-25 13:58:35,469 DEBUG org.flywaydb.core.internal.scanner.classpath.ClassPathScanner [restartedMain] Scanning for classpath resources at 'classpath:db/callback' ...
2023-01-25 13:58:35,469 DEBUG org.flywaydb.core.internal.scanner.classpath.ClassPathScanner [restartedMain] Determining location urls for classpath:db/callback using ClassLoader org.springframework.boot.devtools.restart.classloader.RestartClassLoader@17064a61 ...
2023-01-25 13:58:35,469 DEBUG org.flywaydb.core.internal.scanner.classpath.ClassPathScanner [restartedMain] Determining location urls for classpath:db/callback using ClassLoader org.springframework.boot.devtools.restart.classloader.RestartClassLoader@17064a61 ...
2023-01-25 13:58:35,470 DEBUG org.flywaydb.core.internal.scanner.classpath.ClassPathScanner [restartedMain] Unable to resolve location classpath:db/callback.
2023-01-25 13:58:35,470 DEBUG org.flywaydb.core.internal.scanner.classpath.ClassPathScanner [restartedMain] Unable to resolve location classpath:db/callback.
2023-01-25 13:58:35,483 INFO org.flywaydb.core.internal.license.VersionPrinter [restartedMain] Flyway Community Edition 8.5.13 by Redgate
2023-01-25 13:58:35,483 INFO org.flywaydb.core.internal.license.VersionPrinter [restartedMain] Flyway Community Edition 8.5.13 by Redgate
2023-01-25 13:58:35,483 INFO org.flywaydb.core.internal.license.VersionPrinter [restartedMain] See what's new here: https://flywaydb.org/documentation/learnmore/releaseNotes#8.5.13
2023-01-25 13:58:35,483 INFO org.flywaydb.core.internal.license.VersionPrinter [restartedMain] See what's new here: https://flywaydb.org/documentation/learnmore/releaseNotes#8.5.13
2023-01-25 13:58:35,483 INFO org.flywaydb.core.internal.license.VersionPrinter [restartedMain] 
2023-01-25 13:58:35,483 INFO org.flywaydb.core.internal.license.VersionPrinter [restartedMain] 
2023-01-25 13:58:35,484 DEBUG org.flywaydb.core.internal.util.FeatureDetector [restartedMain] AWS SDK available: false
2023-01-25 13:58:35,484 DEBUG org.flywaydb.core.internal.util.FeatureDetector [restartedMain] AWS SDK available: false
2023-01-25 13:58:35,484 DEBUG org.flywaydb.core.internal.util.FeatureDetector [restartedMain] Google Cloud Storage available: true
2023-01-25 13:58:35,484 DEBUG org.flywaydb.core.internal.util.FeatureDetector [restartedMain] Google Cloud Storage available: true
2023-01-25 13:58:35,485 DEBUG org.flywaydb.core.internal.scanner.classpath.ClassPathScanner [restartedMain] Scanning for classpath resources at 'classpath:db/migration' ...
2023-01-25 13:58:35,485 DEBUG org.flywaydb.core.internal.scanner.classpath.ClassPathScanner [restartedMain] Scanning for classpath resources at 'classpath:db/migration' ...
2023-01-25 13:58:35,485 DEBUG org.flywaydb.core.internal.scanner.classpath.ClassPathScanner [restartedMain] Determining location urls for classpath:db/migration using ClassLoader org.springframework.boot.devtools.restart.classloader.RestartClassLoader@17064a61 ...
2023-01-25 13:58:35,485 DEBUG org.flywaydb.core.internal.scanner.classpath.ClassPathScanner [restartedMain] Determining location urls for classpath:db/migration using ClassLoader org.springframework.boot.devtools.restart.classloader.RestartClassLoader@17064a61 ...
2023-01-25 13:58:35,485 DEBUG org.flywaydb.core.internal.scanner.classpath.ClassPathScanner [restartedMain] Scanning URL: file:/Users/i339628/muhil-dev/january/generic_webapplication/services/product-management/core/target/classes/db/migration
2023-01-25 13:58:35,485 DEBUG org.flywaydb.core.internal.scanner.classpath.ClassPathScanner [restartedMain] Scanning URL: file:/Users/i339628/muhil-dev/january/generic_webapplication/services/product-management/core/target/classes/db/migration
2023-01-25 13:58:35,486 DEBUG org.flywaydb.core.internal.util.FeatureDetector [restartedMain] JBoss VFS v2 available: false
2023-01-25 13:58:35,486 DEBUG org.flywaydb.core.internal.util.FeatureDetector [restartedMain] JBoss VFS v2 available: false
2023-01-25 13:58:35,486 DEBUG org.flywaydb.core.internal.scanner.classpath.FileSystemClassPathLocationScanner [restartedMain] Scanning starting at classpath root in filesystem: /Users/i339628/muhil-dev/january/generic_webapplication/services/product-management/core/target/classes/
2023-01-25 13:58:35,486 DEBUG org.flywaydb.core.internal.scanner.classpath.FileSystemClassPathLocationScanner [restartedMain] Scanning starting at classpath root in filesystem: /Users/i339628/muhil-dev/january/generic_webapplication/services/product-management/core/target/classes/
2023-01-25 13:58:35,487 DEBUG org.flywaydb.core.internal.scanner.classpath.FileSystemClassPathLocationScanner [restartedMain] Scanning for resources in path: /Users/i339628/muhil-dev/january/generic_webapplication/services/product-management/core/target/classes/db/migration (db/migration)
2023-01-25 13:58:35,487 DEBUG org.flywaydb.core.internal.scanner.classpath.FileSystemClassPathLocationScanner [restartedMain] Scanning for resources in path: /Users/i339628/muhil-dev/january/generic_webapplication/services/product-management/core/target/classes/db/migration (db/migration)
2023-01-25 13:58:35,487 DEBUG org.flywaydb.core.internal.scanner.classpath.ClassPathScanner [restartedMain] Found resource: db/migration/V1__initial.sql
2023-01-25 13:58:35,487 DEBUG org.flywaydb.core.internal.scanner.classpath.ClassPathScanner [restartedMain] Found resource: db/migration/V1__initial.sql
2023-01-25 13:58:35,487 DEBUG org.flywaydb.core.internal.scanner.classpath.ClassPathScanner [restartedMain] Scanning for classes at classpath:db/migration
2023-01-25 13:58:35,487 DEBUG org.flywaydb.core.internal.scanner.classpath.ClassPathScanner [restartedMain] Scanning for classes at classpath:db/migration
2023-01-25 13:58:35,488 DEBUG org.flywaydb.core.internal.resource.ResourceNameValidator [restartedMain] Validating V1__initial.sql
2023-01-25 13:58:35,488 DEBUG org.flywaydb.core.internal.resource.ResourceNameValidator [restartedMain] Validating V1__initial.sql
2023-01-25 13:58:35,500 INFO org.flywaydb.core.internal.database.base.BaseDatabaseType [restartedMain] Database: jdbc:mysql://localhost:3306/productmanagement (MySQL 8.0)
2023-01-25 13:58:35,500 INFO org.flywaydb.core.internal.database.base.BaseDatabaseType [restartedMain] Database: jdbc:mysql://localhost:3306/productmanagement (MySQL 8.0)
2023-01-25 13:58:35,500 DEBUG org.flywaydb.core.internal.database.base.BaseDatabaseType [restartedMain] Driver  : MySQL Connector/J mysql-connector-java-8.0.30 (Revision: 1de2fe873fe26189564c030a343885011412976a)
2023-01-25 13:58:35,500 DEBUG org.flywaydb.core.internal.database.base.BaseDatabaseType [restartedMain] Driver  : MySQL Connector/J mysql-connector-java-8.0.30 (Revision: 1de2fe873fe26189564c030a343885011412976a)
2023-01-25 13:58:35,507 DEBUG org.flywaydb.core.FlywayExecutor [restartedMain] DDL Transactions Supported: false
2023-01-25 13:58:35,507 DEBUG org.flywaydb.core.FlywayExecutor [restartedMain] DDL Transactions Supported: false
2023-01-25 13:58:35,508 DEBUG org.flywaydb.core.internal.schemahistory.SchemaHistoryFactory [restartedMain] Schemas: 
2023-01-25 13:58:35,508 DEBUG org.flywaydb.core.internal.schemahistory.SchemaHistoryFactory [restartedMain] Schemas: 
2023-01-25 13:58:35,508 DEBUG org.flywaydb.core.internal.schemahistory.SchemaHistoryFactory [restartedMain] Default schema: null
2023-01-25 13:58:35,508 DEBUG org.flywaydb.core.internal.schemahistory.SchemaHistoryFactory [restartedMain] Default schema: null
2023-01-25 13:58:35,513 DEBUG org.flywaydb.core.internal.callback.SqlScriptCallbackFactory [restartedMain] Scanning for SQL callbacks ...
2023-01-25 13:58:35,513 DEBUG org.flywaydb.core.internal.callback.SqlScriptCallbackFactory [restartedMain] Scanning for SQL callbacks ...
2023-01-25 13:58:35,517 DEBUG org.flywaydb.core.internal.command.DbValidate [restartedMain] Validating migrations ...
2023-01-25 13:58:35,517 DEBUG org.flywaydb.core.internal.command.DbValidate [restartedMain] Validating migrations ...
2023-01-25 13:58:35,518 DEBUG org.flywaydb.core.internal.scanner.Scanner [restartedMain] Filtering out resource: db/migration/V1__initial.sql (filename: V1__initial.sql)
2023-01-25 13:58:35,518 DEBUG org.flywaydb.core.internal.scanner.Scanner [restartedMain] Filtering out resource: db/migration/V1__initial.sql (filename: V1__initial.sql)
2023-01-25 13:58:35,531 INFO org.flywaydb.core.internal.command.DbValidate [restartedMain] Successfully validated 1 migration (execution time 00:00.013s)
2023-01-25 13:58:35,531 INFO org.flywaydb.core.internal.command.DbValidate [restartedMain] Successfully validated 1 migration (execution time 00:00.013s)
2023-01-25 13:58:35,537 INFO org.flywaydb.core.internal.command.DbMigrate [restartedMain] Current version of schema `productmanagement`: 1
2023-01-25 13:58:35,537 INFO org.flywaydb.core.internal.command.DbMigrate [restartedMain] Current version of schema `productmanagement`: 1
2023-01-25 13:58:35,537 WARN org.flywaydb.core.internal.command.DbMigrate [restartedMain] outOfOrder mode is active. Migration of schema `productmanagement` may not be reproducible.
2023-01-25 13:58:35,537 WARN org.flywaydb.core.internal.command.DbMigrate [restartedMain] outOfOrder mode is active. Migration of schema `productmanagement` may not be reproducible.
2023-01-25 13:58:35,537 INFO org.flywaydb.core.internal.command.DbMigrate [restartedMain] Schema `productmanagement` is up to date. No migration necessary.
2023-01-25 13:58:35,537 INFO org.flywaydb.core.internal.command.DbMigrate [restartedMain] Schema `productmanagement` is up to date. No migration necessary.
2023-01-25 13:58:35,539 DEBUG org.flywaydb.core.FlywayExecutor [restartedMain] Memory usage: 259 of 748M
2023-01-25 13:58:35,539 DEBUG org.flywaydb.core.FlywayExecutor [restartedMain] Memory usage: 259 of 748M
2023-01-25 13:58:35,623 INFO org.springframework.orm.jpa.LocalContainerEntityManagerFactoryBean [restartedMain] Initialized JPA EntityManagerFactory for persistence unit 'default'
2023-01-25 13:58:35,677 INFO org.springframework.boot.devtools.autoconfigure.OptionalLiveReloadServer [restartedMain] LiveReload server is running on port 35729
2023-01-25 13:58:35,789 WARN org.springframework.boot.autoconfigure.orm.jpa.JpaBaseConfiguration$JpaWebConfiguration [restartedMain] spring.jpa.open-in-view is enabled by default. Therefore, database queries may be performed during view rendering. Explicitly configure spring.jpa.open-in-view to disable this warning
2023-01-25 13:58:36,251 INFO org.springframework.boot.actuate.endpoint.web.EndpointLinksResolver [restartedMain] Exposing 14 endpoint(s) beneath base path '/actuator'
2023-01-25 13:58:36,271 INFO org.springframework.boot.web.embedded.tomcat.TomcatWebServer [restartedMain] Tomcat started on port(s): 9090 (http) with context path '/pm'
2023-01-25 13:58:36,281 INFO com.core.application.CoreApplication [restartedMain] Started CoreApplication in 1.953 seconds (JVM running for 2039.676)
2023-01-25 13:58:36,284 INFO org.springframework.boot.devtools.autoconfigure.ConditionEvaluationDeltaLoggingListener [restartedMain] Condition evaluation unchanged
2023-01-25 13:58:36,285 INFO com.base.util.Log [restartedMain] Heap Size = 0.784859136 GB
2023-01-25 13:58:36,285 INFO com.base.util.Log [restartedMain] Max Memory Size = 3.817865216 GB
2023-01-25 13:58:36,285 INFO com.base.util.Log [restartedMain] Total Memory Size = 0.345466184 GB
2023-01-25 14:18:54,828 ERROR org.jobrunr.server.ServerZooKeeper [backgroundjob-zookeeper-pool-9-thread-1] SEVERE ERROR - Server timed out while it's still alive. Are all servers using NTP and in the same timezone? Are you having long GC cycles? Restart attempt 1 out of 3
2023-01-25 14:49:53,470 ERROR org.jobrunr.server.ServerZooKeeper [backgroundjob-zookeeper-pool-16-thread-1] SEVERE ERROR - Server timed out while it's still alive. Are all servers using NTP and in the same timezone? Are you having long GC cycles? Restart attempt 2 out of 3
2023-01-25 14:54:36,661 ERROR org.jobrunr.server.ServerZooKeeper [backgroundjob-zookeeper-pool-18-thread-1] SEVERE ERROR - Server timed out while it's still alive. Are all servers using NTP and in the same timezone? Are you having long GC cycles? Restart attempt 3 out of 3
2023-01-25 14:59:41,914 ERROR org.jobrunr.server.ServerZooKeeper [backgroundjob-zookeeper-pool-20-thread-1] FATAL - Server restarted 3 times but still times out by other servers. Shutting down.
